
> nextn@0.1.0 dev
> next dev --turbopack

   ▲ Next.js 15.5.6 (Turbopack)
   - Local:        http://localhost:3000
   - Network:      http://10.88.0.3:3000
   - Environments: .env.local, .env

 ✓ Starting...
 ○ Compiling middleware ...
 ✓ Compiled middleware in 768ms
 ✓ Ready in 3s
 ⚠ Found a change in next.config.ts. Restarting the server to apply the changes...
   ▲ Next.js 15.5.6 (Turbopack)
   - Local:        http://localhost:3000
   - Network:      http://10.88.0.3:3000
   - Environments: .env.local, .env

 ✓ Starting...
 ○ Compiling middleware ...
 ✓ Compiled middleware in 2s
 ✓ Ready in 4.4s
 ✓ Compiled middleware in 31ms
 ✓ Compiled middleware in 4ms
 ✓ Compiled middleware in 17ms
 ✓ Compiled middleware in 4ms
 ✓ Compiled in 1034ms
 ✓ Compiled middleware in 24ms
 ○ Compiling / ...
 ✓ Compiled in 43s
 ✓ Compiled / in 43.1s
 GET / 200 in 44565ms
   Reload env: .env
[?25h
